# JRE version: OpenJDK Runtime Environment Temurin-17.0.7+7 (17.0.7+7) (build 17.0.7+7)
# Java VM: OpenJDK 64-Bit Server VM Temurin-17.0.7+7 (17.0.7+7, mixed mode, tiered, compressed oops, compressed class ptrs, g1 gc, linux-amd64)
GC Precious Log:
 CPUs: 16 total, 16 available
 Memory: 15194M
 Large Page Support: Disabled
 NUMA Support: Disabled
 Compressed Oops: Enabled (Zero based)
 Heap Region Size: 2M
 Heap Min Capacity: 8M
 Heap Initial Capacity: 238M
 Heap Max Capacity: 3800M
 Pre-touch: Disabled
 Parallel Workers: 13
 Concurrent Workers: 3
 Concurrent Refinement Workers: 13
 Periodic GC: Disabled
Heap:
 garbage-first heap   total 34816K, used 6588K [0x0000000712800000, 0x0000000800000000)
  region size 2048K, 2 young (4096K), 1 survivors (2048K)
 Metaspace       used 23545K, committed 23744K, reserved 1114112K
  class space    used 2569K, committed 2688K, reserved 1048576K
GC Heap History (8 events):
Event: 0.612 GC heap before
{Heap before GC invocations=0 (full 0):
 garbage-first heap   total 243712K, used 22528K [0x0000000712800000, 0x0000000800000000)
  region size 2048K, 11 young (22528K), 0 survivors (0K)
 Metaspace       used 12375K, committed 12480K, reserved 1114112K
  class space    used 1137K, committed 1216K, reserved 1048576K
}
Event: 0.616 GC heap after
{Heap after GC invocations=1 (full 0):
 garbage-first heap   total 243712K, used 3692K [0x0000000712800000, 0x0000000800000000)
  region size 2048K, 2 young (4096K), 2 survivors (4096K)
 Metaspace       used 12375K, committed 12480K, reserved 1114112K
  class space    used 1137K, committed 1216K, reserved 1048576K
}
Event: 1.018 GC heap before
{Heap before GC invocations=1 (full 0):
 garbage-first heap   total 243712K, used 36460K [0x0000000712800000, 0x0000000800000000)
  region size 2048K, 18 young (36864K), 2 survivors (4096K)
 Metaspace       used 17228K, committed 17472K, reserved 1114112K
  class space    used 1743K, committed 1856K, reserved 1048576K
}
Event: 1.025 GC heap after
{Heap after GC invocations=2 (full 0):
 garbage-first heap   total 243712K, used 6992K [0x0000000712800000, 0x0000000800000000)
  region size 2048K, 2 young (4096K), 2 survivors (4096K)
 Metaspace       used 17228K, committed 17472K, reserved 1114112K
  class space    used 1743K, committed 1856K, reserved 1048576K
}
Event: 17.403 GC heap before
{Heap before GC invocations=2 (full 0):
 garbage-first heap   total 243712K, used 58192K [0x0000000712800000, 0x0000000800000000)
  region size 2048K, 28 young (57344K), 2 survivors (4096K)
 Metaspace       used 21313K, committed 21504K, reserved 1114112K
  class space    used 2276K, committed 2368K, reserved 1048576K
}
Event: 17.408 GC heap after
{Heap after GC invocations=3 (full 0):
 garbage-first heap   total 243712K, used 6031K [0x0000000712800000, 0x0000000800000000)
  region size 2048K, 2 young (4096K), 2 survivors (4096K)
 Metaspace       used 21313K, committed 21504K, reserved 1114112K
  class space    used 2276K, committed 2368K, reserved 1048576K
}
Event: 118122.892 GC heap before
{Heap before GC invocations=4 (full 0):
 garbage-first heap   total 34816K, used 22415K [0x0000000712800000, 0x0000000800000000)
  region size 2048K, 10 young (20480K), 2 survivors (4096K)
 Metaspace       used 23488K, committed 23744K, reserved 1114112K
  class space    used 2561K, committed 2688K, reserved 1048576K
}
Event: 118122.905 GC heap after
{Heap after GC invocations=5 (full 0):
 garbage-first heap   total 34816K, used 6588K [0x0000000712800000, 0x0000000800000000)
  region size 2048K, 1 young (2048K), 1 survivors (2048K)
 Metaspace       used 23488K, committed 23744K, reserved 1114112K
  class space    used 2561K, committed 2688K, reserved 1048576K
}

